1589923991565	geckodriver	INFO	geckodriver 0.21.0
1589923991575	geckodriver	INFO	Listening on 127.0.0.1:62489
1589923994589	mozrunner::runner	INFO	Running command: "C:\\Program Files\\Mozilla Firefox\\firefox.exe" "-marionette" "-foreground" "-no-remote" "-profile" "C:\\Users\\Pablo\\AppData\\Local\\Temp\\rust_mozprofile.YDJLl4nmJkiy"
1589923996323	addons.webextension.doh-rollout@mozilla.org	WARN	Loading extension 'doh-rollout@mozilla.org': Reading manifest: Invalid extension permission: networkStatus
1589923996360	addons.webextension.screenshots@mozilla.org	WARN	Loading extension 'screenshots@mozilla.org': Reading manifest: Invalid extension permission: mozillaAddons
1589923996360	addons.webextension.screenshots@mozilla.org	WARN	Loading extension 'screenshots@mozilla.org': Reading manifest: Invalid extension permission: telemetry
1589923996360	addons.webextension.screenshots@mozilla.org	WARN	Loading extension 'screenshots@mozilla.org': Reading manifest: Invalid extension permission: resource://pdf.js/
1589923996360	addons.webextension.screenshots@mozilla.org	WARN	Loading extension 'screenshots@mozilla.org': Reading manifest: Invalid extension permission: about:reader*
1589923996471	Marionette	TRACE	Received observer notification profile-after-change
1589923996561	Marionette	TRACE	Received observer notification toplevel-window-ready
1589923996609	Marionette	TRACE	Received observer notification command-line-startup
1589923996609	Marionette	DEBUG	Init aborted (running=false, enabled=true, finalUIStartup=false)
1589923996663	Marionette	TRACE	Received observer notification toplevel-window-ready
JavaScript error: resource://gre/modules/XULStore.jsm, line 66: Error: Can't find profile directory.
1589924001881	Marionette	TRACE	Received observer notification marionette-startup-requested
1589924001881	Marionette	TRACE	Waiting until startup recorder finished recording startup scripts...
1589924001886	Marionette	TRACE	All scripts recorded.
1589924001887	Marionette	DEBUG	Setting recommended pref app.update.disabledForTesting to true
1589924001887	Marionette	DEBUG	Setting recommended pref apz.content_response_timeout to 60000
1589924001887	Marionette	DEBUG	Setting recommended pref browser.contentblocking.introCount to 99
1589924001887	Marionette	DEBUG	Setting recommended pref browser.download.panel.shown to true
1589924001887	Marionette	DEBUG	Setting recommended pref browser.pagethumbnails.capturing_disabled to true
1589924001887	Marionette	DEBUG	Setting recommended pref browser.tabs.disableBackgroundZombification to false
1589924001888	Marionette	DEBUG	Setting recommended pref browser.tabs.remote.separatePrivilegedContentProcess to false
1589924001888	Marionette	DEBUG	Setting recommended pref browser.tabs.unloadOnLowMemory to false
1589924001888	Marionette	DEBUG	Setting recommended pref browser.tabs.warnOnCloseOtherTabs to false
1589924001888	Marionette	DEBUG	Setting recommended pref browser.urlbar.suggest.searches to false
1589924001888	Marionette	DEBUG	Setting recommended pref datareporting.policy.dataSubmissionPolicyAccepted to false
1589924001888	Marionette	DEBUG	Setting recommended pref dom.disable_beforeunload to true
1589924001888	Marionette	DEBUG	Setting recommended pref dom.file.createInChild to true
1589924001889	Marionette	DEBUG	Setting recommended pref dom.push.connection.enabled to false
1589924001889	Marionette	DEBUG	Setting recommended pref extensions.getAddons.cache.enabled to false
1589924001889	Marionette	DEBUG	Setting recommended pref extensions.webservice.discoverURL to http://%(server)s/dummy/discoveryURL
1589924001889	Marionette	DEBUG	Setting recommended pref network.http.prompt-temp-redirect to false
1589924001889	Marionette	DEBUG	Setting recommended pref network.http.speculative-parallel-limit to 0
1589924001889	Marionette	DEBUG	Setting recommended pref privacy.trackingprotection.enabled to false
1589924001889	Marionette	DEBUG	Setting recommended pref security.certerrors.mitm.priming.enabled to false
1589924001890	Marionette	DEBUG	Setting recommended pref security.notification_enable_delay to 0
1589924001890	Marionette	DEBUG	Setting recommended pref signon.autofillForms to false
1589924001890	Marionette	DEBUG	Setting recommended pref toolkit.cosmeticAnimations.enabled to false
1589924001942	Marionette	INFO	Listening on port 62500
1589924001942	Marionette	DEBUG	Marionette is listening
1589924002201	Marionette	DEBUG	Accepted connection 0 from 127.0.0.1:62519
1589924002203	Marionette	DEBUG	0 -> [0,1,"WebDriver:NewSession",{"acceptInsecureCerts":true,"browserName":"firefox","capabilities":{"desiredCapabilities":{"acceptInsecureCerts":true,"browserName":"firefox"}}}]
1589924002203	Marionette	WARN	TLS certificate errors will be ignored for this session
1589924002236	Marionette	TRACE	[19] Frame script loaded
1589924002238	Marionette	TRACE	[19] Frame script registered
1589924002243	Marionette	DEBUG	0 <- [1,1,null,{"sessionId":"fd392d97-dbdb-468b-ae6c-c9c8fbbad5f4","capabilities":{"browserName":"firefox","browserVersion":"72.0. ... alse,"moz:webdriverClick":true,"capabilities":{"desiredCapabilities":{"acceptInsecureCerts":true,"browserName":"firefox"}}}}]
1589924002250	Marionette	DEBUG	0 -> [0,2,"WebDriver:SetTimeouts",{"script":5000}]
1589924002250	Marionette	DEBUG	0 <- [1,2,null,{"value":null}]
1589924002253	Marionette	DEBUG	0 -> [0,3,"WebDriver:SetTimeouts",{"implicit":0}]
1589924002253	Marionette	DEBUG	0 <- [1,3,null,{"value":null}]
1589924002255	Marionette	DEBUG	0 -> [0,4,"WebDriver:Navigate",{"url":"http://www.winstoncastillo.com/udemy/"}]
1589924002261	Marionette	TRACE	[19] Received DOM event beforeunload for about:blank
1589924002751	Marionette	TRACE	[19] Received DOM event pagehide for about:blank
1589924005743	Marionette	TRACE	[19] Received DOM event DOMContentLoaded for http://www.winstoncastillo.com/udemy/
1589924006463	Marionette	TRACE	[19] Received DOM event pageshow for http://www.winstoncastillo.com/udemy/
1589924006465	Marionette	DEBUG	0 <- [1,4,null,{"value":null}]
1589924006479	Marionette	DEBUG	0 -> [0,5,"WebDriver:GetTitle",{}]
1589924006479	Marionette	DEBUG	0 <- [1,5,null,{"value":"Hola Mundo!"}]
1589924006489	Marionette	DEBUG	0 -> [0,6,"WebDriver:FindElements",{"using":"xpath","value":"/html/body/div[1]/div/div[2]/a[2]"}]
1589924006495	Marionette	DEBUG	0 <- [1,6,null,[{"element-6066-11e4-a52e-4f735466cecf":"f3c9a2f3-7d00-4af1-a4cd-28dc1813b33c"}]]
1589924006500	Marionette	DEBUG	0 -> [0,7,"WebDriver:ExecuteScript",{"args":[{"ELEMENT":"f3c9a2f3-7d00-4af1-a4cd-28dc1813b33c","element-6066-11e4-a52e-4f735466cec ... 00-4af1-a4cd-28dc1813b33c"}],"newSandbox":false,"script":"arguments[0].focus();","scriptTimeout":null,"specialPowers":false}]
1589924006511	Marionette	DEBUG	0 <- [1,7,null,{"value":null}]
1589924006516	Marionette	DEBUG	0 -> [0,8,"WebDriver:GetCurrentURL",{}]
1589924006517	Marionette	DEBUG	0 <- [1,8,null,{"value":"http://www.winstoncastillo.com/udemy/"}]
1589924006520	Marionette	DEBUG	0 -> [0,9,"WebDriver:FindElements",{"using":"xpath","value":"//a[(@id='text=\"Este hace aparecer una ventana nueva\"' or @name='te ... recer una ventana nueva\"' or @href='http://www.winstoncastillo.com/udemy/text=\"Este hace aparecer una ventana nueva\"')]"}]
1589924006526	Marionette	DEBUG	0 <- [1,9,null,[]]
1589924006533	Marionette	DEBUG	0 -> [0,10,"WebDriver:TakeScreenshot",{"full":false,"highlights":[],"id":null}]
1589924006718	Marionette	DEBUG	0 <- [1,10,null,{"value":"iVBORw0KGgoAAAANSUhEUgAABVYAAAKOCAYAAABN80LeAAAgAElEQVR4nOzd93NbZ56g+/0Lbt3dnTs7M90z3T0zu1t3t20ry7J72pYs ... kSrCZOAX+ylT1kBtg6glUAAIr05ZAuwWriFPAnWzO31QKbR7AKAECRvhzSJVhNnAL+5MmvodpobVdgcwlWAQAo0pdDuv5/f0oWZCduRIoAAAAASUVORK5CYII="}]
1589924007230	Marionette	DEBUG	Closed connection 0
JavaScript error: , line 0: AbortError: A request was aborted, for example through a call to IDBTransaction.abort.
1589924577628	Marionette	TRACE	Received observer notification xpcom-will-shutdown
1589924577628	Marionette	DEBUG	Resetting recommended pref app.update.disabledForTesting
1589924577628	Marionette	DEBUG	Resetting recommended pref apz.content_response_timeout
1589924577628	Marionette	DEBUG	Resetting recommended pref browser.contentblocking.introCount
1589924577628	Marionette	DEBUG	Resetting recommended pref browser.download.panel.shown
1589924577628	Marionette	DEBUG	Resetting recommended pref browser.pagethumbnails.capturing_disabled
1589924577628	Marionette	DEBUG	Resetting recommended pref browser.tabs.disableBackgroundZombification
1589924577628	Marionette	DEBUG	Resetting recommended pref browser.tabs.remote.separatePrivilegedContentProcess
1589924577628	Marionette	DEBUG	Resetting recommended pref browser.tabs.unloadOnLowMemory
1589924577628	Marionette	DEBUG	Resetting recommended pref browser.tabs.warnOnCloseOtherTabs
1589924577629	Marionette	DEBUG	Resetting recommended pref browser.urlbar.suggest.searches
1589924577629	Marionette	DEBUG	Resetting recommended pref datareporting.policy.dataSubmissionPolicyAccepted
1589924577629	Marionette	DEBUG	Resetting recommended pref dom.disable_beforeunload
1589924577629	Marionette	DEBUG	Resetting recommended pref dom.file.createInChild
1589924577629	Marionette	DEBUG	Resetting recommended pref dom.push.connection.enabled
1589924577629	Marionette	DEBUG	Resetting recommended pref extensions.getAddons.cache.enabled
1589924577630	Marionette	DEBUG	Resetting recommended pref extensions.webservice.discoverURL
1589924577630	Marionette	DEBUG	Resetting recommended pref network.http.prompt-temp-redirect
1589924577630	Marionette	DEBUG	Resetting recommended pref network.http.speculative-parallel-limit
1589924577630	Marionette	DEBUG	Resetting recommended pref privacy.trackingprotection.enabled
1589924577630	Marionette	DEBUG	Resetting recommended pref security.certerrors.mitm.priming.enabled
1589924577630	Marionette	DEBUG	Resetting recommended pref security.notification_enable_delay
1589924577630	Marionette	DEBUG	Resetting recommended pref signon.autofillForms
1589924577630	Marionette	DEBUG	Resetting recommended pref toolkit.cosmeticAnimations.enabled
1589924577631	Marionette	INFO	Stopped listening on port 62500
1589924577631	Marionette	DEBUG	Marionette stopped listening

###!!! [Child][MessageChannel::SendAndWait] Error: Channel error: cannot send/recv

